#
# A fatal error has been detected by the Java Runtime Environment:
#
#  EXCEPTION_ACCESS_VIOLATION (0xc0000005) at pc=0x0000000028f01066, pid=6024, tid=0x0000000000002fd4
#
# JRE version: Java(TM) SE Runtime Environment (8.0_112-b15) (build 1.8.0_112-b15)
# Java VM: Java HotSpot(TM) 64-Bit Server VM (25.112-b15 mixed mode windows-amd64 compressed oops)
# Problematic frame:
# C  [OpenAL64.dll+0x11066]
#
# Failed to write core dump. Minidumps are not enabled by default on client versions of Windows
#
# If you would like to submit a bug report, please visit:
#   http://bugreport.java.com/bugreport/crash.jsp
# The crash happened outside the Java Virtual Machine in native code.
# See problematic frame for where to report the bug.
#

---------------  T H R E A D  ---------------

Current thread (0x0000000023590800):  JavaThread "Thread-8" [_thread_in_native, id=12244, stack(0x00000000386b0000,0x00000000387b0000)]

siginfo: ExceptionCode=0xc0000005, reading address 0x00000000238b8004

Registers:
RAX=0x0000000000000004, RBX=0x0000000030690090, RCX=0x00000000238b8008, RDX=0x00000000238b8004
RSP=0x00000000387aedc0, RBP=0x00000000000000ff, RSI=0x00000000238b7f7c, RDI=0x0000000000000000
R8 =0x0000000000000022, R9 =0x00000000238b7f7c, R10=0x0000000003307f48, R11=0x000000005275b530
R12=0x0000000000000001, R13=0x0000000038617fb8, R14=0x00000000387aef58, R15=0x0000000023590800
RIP=0x0000000028f01066, EFLAGS=0x0000000000010202

Top of Stack: (sp=0x00000000387aedc0)
0x00000000387aedc0:   0000000000000000 00000000525fd0eb
0x00000000387aedd0:   0000000023590800 0000000023590800
0x00000000387aede0:   0000000038617fb8 0000000000000000
0x00000000387aedf0:   0000000023590800 00000000266a03d0
0x00000000387aee00:   0000000038617fb8 00000000387aef58
0x00000000387aee10:   0000000025588520 00000000525eb2a6
0x00000000387aee20:   00000000387af5c8 000000002546c9d0
0x00000000387aee30:   0000000023590800 00000000387aef58
0x00000000387aee40:   0000000038617fb8 0000000000000000
0x00000000387aee50:   00000000238b7f7c 00000006c1440a58
0x00000000387aee60:   00000000387aef20 0000000028f0248f
0x00000000387aee70:   0000000030690090 0000000030690090
0x00000000387aee80:   000000000000ac44 0000000600000004
0x00000000387aee90:   0000000000000010 0000000003307f74
0x00000000387aeea0:   0000000038617fb8 0000000003307cdd
0x00000000387aeeb0:   0000000023590800 0000000038617fb8 

Instructions: (pc=0x0000000028f01066)
0x0000000028f01046:   41 2b ec 81 3a 03 00 02 00 75 09 8b 01 89 84 24
0x0000000028f01056:   c8 00 00 00 49 83 c0 02 48 83 c1 08 4a 8d 14 86
0x0000000028f01066:   39 3a 75 af 4c 8d 84 24 c0 00 00 00 48 8d 15 d7
0x0000000028f01076:   2b 03 00 33 c9 e8 58 5f 00 00 b8 40 1f 00 00 4c 


Register to memory mapping:

RAX=0x0000000000000004 is an unknown value
RBX=0x0000000030690090 is an unknown value
RCX=0x00000000238b8008 is an unknown value
RDX=0x00000000238b8004 is an unknown value
RSP=0x00000000387aedc0 is pointing into the stack for thread: 0x0000000023590800
RBP=0x00000000000000ff is an unknown value
RSI=0x00000000238b7f7c is an unknown value
RDI=0x0000000000000000 is an unknown value
R8 =0x0000000000000022 is an unknown value
R9 =0x00000000238b7f7c is an unknown value
R10=0x0000000003307f48 is at code_begin+840 in an Interpreter codelet
method entry point (kind = native)  [0x0000000003307c00, 0x0000000003308560]  2400 bytes
R11=0x000000005275b530 is an unknown value
R12=0x0000000000000001 is an unknown value
R13={method} {0x0000000038617fc0} 'nalcCreateContext' '(JJ)J' in 'org/lwjgl/openal/ALC10'
R14=0x00000000387aef58 is pointing into the stack for thread: 0x0000000023590800
R15=0x0000000023590800 is a thread


Stack: [0x00000000386b0000,0x00000000387b0000],  sp=0x00000000387aedc0,  free space=1019k
Native frames: (J=compiled Java code, j=interpreted, Vv=VM code, C=native code)
C  [OpenAL64.dll+0x11066]
C  [OpenAL64.dll+0x1248f]
C  0x0000000003307f74

Java frames: (J=compiled Java code, j=interpreted, Vv=VM code)
j  org.lwjgl.openal.ALC10.nalcCreateContext(JJ)J+0
j  org.lwjgl.openal.ALC10.alcCreateContext(Lorg/lwjgl/openal/ALCdevice;Ljava/nio/IntBuffer;)Lorg/lwjgl/openal/ALCcontext;+8
j  org.lwjgl.openal.AL.init(Ljava/lang/String;IIZZ)V+69
j  org.lwjgl.openal.AL.create(Ljava/lang/String;IIZZ)V+246
j  org.lwjgl.openal.AL.create(Ljava/lang/String;IIZ)V+5
j  org.lwjgl.openal.AL.create()V+6
j  paulscode.sound.libraries.LibraryLWJGLOpenAL.init()V+2
j  paulscode.sound.SoundSystem.CommandNewLibrary(Ljava/lang/Class;)V+273
j  paulscode.sound.SoundSystem.CommandQueue(Lpaulscode/sound/CommandObject;)Z+1206
j  paulscode.sound.CommandThread.run()V+51
v  ~StubRoutines::call_stub

---------------  P R O C E S S  ---------------

Java Threads: ( => current thread )
  0x0000000023589800 JavaThread "Thread-9" [_thread_blocked, id=12404, stack(0x00000000387b0000,0x00000000388b0000)]
=>0x0000000023590800 JavaThread "Thread-8" [_thread_in_native, id=12244, stack(0x00000000386b0000,0x00000000387b0000)]
  0x000000002358d800 JavaThread "Sound Library Loader" [_thread_blocked, id=8208, stack(0x0000000038300000,0x0000000038400000)]
  0x000000002358c800 JavaThread "Keep-Alive-Timer" daemon [_thread_blocked, id=11800, stack(0x0000000038200000,0x0000000038300000)]
  0x000000002358a800 JavaThread "LWJGL Timer" daemon [_thread_blocked, id=12568, stack(0x0000000030d20000,0x0000000030e20000)]
  0x000000002358b000 JavaThread "Thread-6" [_thread_blocked, id=6820, stack(0x0000000030c20000,0x0000000030d20000)]
  0x000000001f00f800 JavaThread "Java2D Disposer" daemon [_thread_blocked, id=6844, stack(0x00000000291c0000,0x00000000292c0000)]
  0x000000001fed0800 JavaThread "Timer hack thread" daemon [_thread_blocked, id=9712, stack(0x00000000290c0000,0x00000000291c0000)]
  0x0000000029858000 JavaThread "Snooper Timer" daemon [_thread_blocked, id=13252, stack(0x00000000248d0000,0x00000000249d0000)]
  0x000000001ecd2800 JavaThread "Service Thread" daemon [_thread_blocked, id=12044, stack(0x000000001f810000,0x000000001f910000)]
  0x000000001ecb1800 JavaThread "C1 CompilerThread3" daemon [_thread_blocked, id=8360, stack(0x000000001f710000,0x000000001f810000)]
  0x000000001ec73000 JavaThread "C2 CompilerThread2" daemon [_thread_blocked, id=6720, stack(0x000000001f610000,0x000000001f710000)]
  0x000000001ec56800 JavaThread "C2 CompilerThread1" daemon [_thread_in_native, id=5848, stack(0x000000001f510000,0x000000001f610000)]
  0x000000001ec4e000 JavaThread "C2 CompilerThread0" daemon [_thread_blocked, id=11012, stack(0x000000001f410000,0x000000001f510000)]
  0x000000001ec4c800 JavaThread "Attach Listener" daemon [_thread_blocked, id=11600, stack(0x000000001f310000,0x000000001f410000)]
  0x000000001ec4b800 JavaThread "Signal Dispatcher" daemon [_thread_blocked, id=4304, stack(0x000000001f210000,0x000000001f310000)]
  0x000000001ec40800 JavaThread "Finalizer" daemon [_thread_blocked, id=9384, stack(0x000000001f020000,0x000000001f120000)]
  0x00000000032e9000 JavaThread "Reference Handler" daemon [_thread_blocked, id=7192, stack(0x000000001eb20000,0x000000001ec20000)]
  0x00000000031f5800 JavaThread "Client thread" [_thread_in_native, id=10784, stack(0x00000000030f0000,0x00000000031f0000)]

Other Threads:
  0x000000001cd49000 VMThread [stack: 0x000000001ea20000,0x000000001eb20000] [id=5468]
  0x000000001ecd5000 WatcherThread [stack: 0x000000001f910000,0x000000001fa10000] [id=9300]

VM state:not at safepoint (normal execution)

VM Mutex/Monitor currently owned by a thread: None

Heap:
 PSYoungGen      total 1004544K, used 509127K [0x000000076b180000, 0x00000007b1700000, 0x00000007c0000000)
  eden space 954880K, 48% used [0x000000076b180000,0x00000007872337e0,0x00000007a5600000)
  from space 49664K, 99% used [0x00000007a5600000,0x00000007a867e750,0x00000007a8680000)
  to   space 66560K, 0% used [0x00000007ad600000,0x00000007ad600000,0x00000007b1700000)
 ParOldGen       total 221696K, used 128479K [0x00000006c1400000, 0x00000006cec80000, 0x000000076b180000)
  object space 221696K, 57% used [0x00000006c1400000,0x00000006c9177fc8,0x00000006cec80000)
 Metaspace       used 36878K, capacity 37159K, committed 37760K, reserved 1081344K
  class space    used 4740K, capacity 4870K, committed 4992K, reserved 1048576K

Card table byte_map: [0x00000000126b0000,0x0000000012eb0000] byte_map_base: 0x000000000f0a6000

Marking Bits: (ParMarkBitMap*) 0x0000000052d4a6d0
 Begin Bits: [0x0000000013c00000, 0x0000000017bb0000)
 End Bits:   [0x0000000017bb0000, 0x000000001bb60000)

Polling page: 0x0000000000ea0000

CodeCache: size=245760Kb used=14038Kb max_used=14200Kb free=231721Kb
 bounds [0x00000000032f0000, 0x0000000004120000, 0x00000000122f0000]
 total_blobs=4554 nmethods=3859 adapters=607
 compilation: enabled

Compilation events (10 events):
Event: 17.044 Thread 0x000000001ecb1800 4945       3       net.minecraft.client.renderer.block.statemap.StateMapperBase::getPropertyName (8 bytes)
Event: 17.044 Thread 0x000000001ecb1800 nmethod 4945 0x00000000033f3390 code [0x00000000033f3500, 0x00000000033f3728]
Event: 17.044 Thread 0x000000001ec4e000 nmethod 4938 0x0000000003555050 code [0x00000000035551c0, 0x00000000035554c8]
Event: 17.044 Thread 0x000000001ec4e000 4943       4       com.google.common.collect.ImmutableSet::hashCode (5 bytes)
Event: 17.046 Thread 0x000000001ecb1800 4946       1       net.minecraftforge.fml.client.SplashProgress::access$800 (4 bytes)
Event: 17.046 Thread 0x000000001ecb1800 nmethod 4946 0x0000000003ba0110 code [0x0000000003ba0260, 0x0000000003ba0350]
Event: 17.046 Thread 0x000000001ecb1800 4947       1       net.minecraftforge.fml.client.SplashProgress::access$600 (4 bytes)
Event: 17.046 Thread 0x000000001ecb1800 nmethod 4947 0x00000000034d0650 code [0x00000000034d07a0, 0x00000000034d0890]
Event: 17.051 Thread 0x000000001ec56800 nmethod 4941 0x0000000003bf4710 code [0x0000000003bf48e0, 0x0000000003bf50c8]
Event: 17.051 Thread 0x000000001ec4e000 nmethod 4943 0x00000000035cf2d0 code [0x00000000035cf4a0, 0x00000000035cfcc8]

GC Heap History (10 events):
Event: 5.169 GC heap before
{Heap before GC invocations=9 (full 1):
 PSYoungGen      total 272896K, used 272867K [0x000000076b180000, 0x000000078e780000, 0x00000007c0000000)
  eden space 243712K, 100% used [0x000000076b180000,0x0000000779f80000,0x0000000779f80000)
  from space 29184K, 99% used [0x0000000779f80000,0x000000077bbf8fc0,0x000000077bc00000)
  to   space 46080K, 0% used [0x000000078ba80000,0x000000078ba80000,0x000000078e780000)
 ParOldGen       total 175104K, used 83648K [0x00000006c1400000, 0x00000006cbf00000, 0x000000076b180000)
  object space 175104K, 47% used [0x00000006c1400000,0x00000006c65b02b8,0x00000006cbf00000)
 Metaspace       used 21456K, capacity 21782K, committed 22144K, reserved 1069056K
  class space    used 2507K, capacity 2619K, committed 2688K, reserved 1048576K
Event: 5.178 GC heap after
Heap after GC invocations=9 (full 1):
 PSYoungGen      total 530432K, used 25887K [0x000000076b180000, 0x000000078e480000, 0x00000007c0000000)
  eden space 487424K, 0% used [0x000000076b180000,0x000000076b180000,0x0000000788d80000)
  from space 43008K, 60% used [0x000000078ba80000,0x000000078d3c7d90,0x000000078e480000)
  to   space 44544K, 0% used [0x0000000788d80000,0x0000000788d80000,0x000000078b900000)
 ParOldGen       total 175104K, used 86985K [0x00000006c1400000, 0x00000006cbf00000, 0x000000076b180000)
  object space 175104K, 49% used [0x00000006c1400000,0x00000006c68f27d0,0x00000006cbf00000)
 Metaspace       used 21456K, capacity 21782K, committed 22144K, reserved 1069056K
  class space    used 2507K, capacity 2619K, committed 2688K, reserved 1048576K
}
Event: 6.670 GC heap before
{Heap before GC invocations=10 (full 1):
 PSYoungGen      total 530432K, used 513311K [0x000000076b180000, 0x000000078e480000, 0x00000007c0000000)
  eden space 487424K, 100% used [0x000000076b180000,0x0000000788d80000,0x0000000788d80000)
  from space 43008K, 60% used [0x000000078ba80000,0x000000078d3c7d90,0x000000078e480000)
  to   space 44544K, 0% used [0x0000000788d80000,0x0000000788d80000,0x000000078b900000)
 ParOldGen       total 175104K, used 86985K [0x00000006c1400000, 0x00000006cbf00000, 0x000000076b180000)
  object space 175104K, 49% used [0x00000006c1400000,0x00000006c68f27d0,0x00000006cbf00000)
 Metaspace       used 24555K, capacity 24790K, committed 24960K, reserved 1071104K
  class space    used 3086K, capacity 3195K, committed 3200K, reserved 1048576K
Event: 6.692 GC heap after
Heap after GC invocations=10 (full 1):
 PSYoungGen      total 531968K, used 44534K [0x000000076b180000, 0x00000007acf80000, 0x00000007c0000000)
  eden space 487424K, 0% used [0x000000076b180000,0x000000076b180000,0x0000000788d80000)
  from space 44544K, 99% used [0x0000000788d80000,0x000000078b8fd840,0x000000078b900000)
  to   space 52224K, 0% used [0x00000007a9c80000,0x00000007a9c80000,0x00000007acf80000)
 ParOldGen       total 175104K, used 91057K [0x00000006c1400000, 0x00000006cbf00000, 0x000000076b180000)
  object space 175104K, 52% used [0x00000006c1400000,0x00000006c6cec458,0x00000006cbf00000)
 Metaspace       used 24555K, capacity 24790K, committed 24960K, reserved 1071104K
  class space    used 3086K, capacity 3195K, committed 3200K, reserved 1048576K
}
Event: 7.141 GC heap before
{Heap before GC invocations=11 (full 1):
 PSYoungGen      total 531968K, used 245721K [0x000000076b180000, 0x00000007acf80000, 0x00000007c0000000)
  eden space 487424K, 41% used [0x000000076b180000,0x00000007775f8d38,0x0000000788d80000)
  from space 44544K, 99% used [0x0000000788d80000,0x000000078b8fd840,0x000000078b900000)
  to   space 52224K, 0% used [0x00000007a9c80000,0x00000007a9c80000,0x00000007acf80000)
 ParOldGen       total 175104K, used 91057K [0x00000006c1400000, 0x00000006cbf00000, 0x000000076b180000)
  object space 175104K, 52% used [0x00000006c1400000,0x00000006c6cec458,0x00000006cbf00000)
 Metaspace       used 26398K, capacity 26710K, committed 26880K, reserved 1073152K
  class space    used 3469K, capacity 3579K, committed 3584K, reserved 1048576K
Event: 7.159 GC heap after
Heap after GC invocations=11 (full 1):
 PSYoungGen      total 807424K, used 26737K [0x000000076b180000, 0x00000007ab700000, 0x00000007c0000000)
  eden space 780288K, 0% used [0x000000076b180000,0x000000076b180000,0x000000079ab80000)
  from space 27136K, 98% used [0x00000007a9c80000,0x00000007ab69c708,0x00000007ab700000)
  to   space 49664K, 0% used [0x00000007a5600000,0x00000007a5600000,0x00000007a8680000)
 ParOldGen       total 175104K, used 112561K [0x00000006c1400000, 0x00000006cbf00000, 0x000000076b180000)
  object space 175104K, 64% used [0x00000006c1400000,0x00000006c81ec5c8,0x00000006cbf00000)
 Metaspace       used 26398K, capacity 26710K, committed 26880K, reserved 1073152K
  class space    used 3469K, capacity 3579K, committed 3584K, reserved 1048576K
}
Event: 7.159 GC heap before
{Heap before GC invocations=12 (full 2):
 PSYoungGen      total 807424K, used 26737K [0x000000076b180000, 0x00000007ab700000, 0x00000007c0000000)
  eden space 780288K, 0% used [0x000000076b180000,0x000000076b180000,0x000000079ab80000)
  from space 27136K, 98% used [0x00000007a9c80000,0x00000007ab69c708,0x00000007ab700000)
  to   space 49664K, 0% used [0x00000007a5600000,0x00000007a5600000,0x00000007a8680000)
 ParOldGen       total 175104K, used 112561K [0x00000006c1400000, 0x00000006cbf00000, 0x000000076b180000)
  object space 175104K, 64% used [0x00000006c1400000,0x00000006c81ec5c8,0x00000006cbf00000)
 Metaspace       used 26398K, capacity 26710K, committed 26880K, reserved 1073152K
  class space    used 3469K, capacity 3579K, committed 3584K, reserved 1048576K
Event: 7.284 GC heap after
Heap after GC invocations=12 (full 2):
 PSYoungGen      total 807424K, used 0K [0x000000076b180000, 0x00000007ab700000, 0x00000007c0000000)
  eden space 780288K, 0% used [0x000000076b180000,0x000000076b180000,0x000000079ab80000)
  from space 27136K, 0% used [0x00000007a9c80000,0x00000007a9c80000,0x00000007ab700000)
  to   space 49664K, 0% used [0x00000007a5600000,0x00000007a5600000,0x00000007a8680000)
 ParOldGen       total 221696K, used 99215K [0x00000006c1400000, 0x00000006cec80000, 0x000000076b180000)
  object space 221696K, 44% used [0x00000006c1400000,0x00000006c74e3e18,0x00000006cec80000)
 Metaspace       used 26398K, capacity 26710K, committed 26880K, reserved 1073152K
  class space    used 3469K, capacity 3579K, committed 3584K, reserved 1048576K
}
Event: 11.591 GC heap before
{Heap before GC invocations=13 (full 2):
 PSYoungGen      total 807424K, used 780288K [0x000000076b180000, 0x00000007ab700000, 0x00000007c0000000)
  eden space 780288K, 100% used [0x000000076b180000,0x000000079ab80000,0x000000079ab80000)
  from space 27136K, 0% used [0x00000007a9c80000,0x00000007a9c80000,0x00000007ab700000)
  to   space 49664K, 0% used [0x00000007a5600000,0x00000007a5600000,0x00000007a8680000)
 ParOldGen       total 221696K, used 99215K [0x00000006c1400000, 0x00000006cec80000, 0x000000076b180000)
  object space 221696K, 44% used [0x00000006c1400000,0x00000006c74e3e18,0x00000006cec80000)
 Metaspace       used 34666K, capacity 35011K, committed 35328K, reserved 1079296K
  class space    used 4487K, capacity 4606K, committed 4608K, reserved 1048576K
Event: 11.625 GC heap after
Heap after GC invocations=13 (full 2):
 PSYoungGen      total 1004544K, used 49657K [0x000000076b180000, 0x00000007b1700000, 0x00000007c0000000)
  eden space 954880K, 0% used [0x000000076b180000,0x000000076b180000,0x00000007a5600000)
  from space 49664K, 99% used [0x00000007a5600000,0x00000007a867e750,0x00000007a8680000)
  to   space 66560K, 0% used [0x00000007ad600000,0x00000007ad600000,0x00000007b1700000)
 ParOldGen       total 221696K, used 128479K [0x00000006c1400000, 0x00000006cec80000, 0x000000076b180000)
  object space 221696K, 57% used [0x00000006c1400000,0x00000006c9177fc8,0x00000006cec80000)
 Metaspace       used 34666K, capacity 35011K, committed 35328K, reserved 1079296K
  class space    used 4487K, capacity 4606K, committed 4608K, reserved 1048576K
}

Deoptimization events (10 events):
Event: 16.961 Thread 0x00000000031f5800 Uncommon trap: reason=class_check action=maybe_recompile pc=0x00000000040e3d58 method=java.util.jar.JarFile.getInputStream(Ljava/util/zip/ZipEntry;)Ljava/io/InputStream; @ 55
Event: 16.962 Thread 0x00000000031f5800 Uncommon trap: reason=class_check action=maybe_recompile pc=0x0000000003e94b00 method=java.util.jar.JarFile.getInputStream(Ljava/util/zip/ZipEntry;)Ljava/io/InputStream; @ 55
Event: 16.963 Thread 0x00000000031f5800 Uncommon trap: reason=class_check action=maybe_recompile pc=0x00000000040e3d58 method=java.util.jar.JarFile.getInputStream(Ljava/util/zip/ZipEntry;)Ljava/io/InputStream; @ 55
Event: 17.022 Thread 0x00000000031f5800 Uncommon trap: reason=bimorphic action=maybe_recompile pc=0x0000000003cb27d0 method=java.util.Formatter$FormatSpecifier.printString(Ljava/lang/Object;Ljava/util/Locale;)V @ 98
Event: 17.022 Thread 0x00000000031f5800 Uncommon trap: reason=bimorphic action=maybe_recompile pc=0x0000000003e4dbb4 method=java.util.Formatter$FormatSpecifier.printString(Ljava/lang/Object;Ljava/util/Locale;)V @ 98
Event: 17.042 Thread 0x00000000031f5800 Uncommon trap: reason=bimorphic action=maybe_recompile pc=0x0000000003cb27d0 method=java.util.Formatter$FormatSpecifier.printString(Ljava/lang/Object;Ljava/util/Locale;)V @ 98
Event: 17.042 Thread 0x00000000031f5800 Uncommon trap: reason=bimorphic action=maybe_recompile pc=0x0000000003e4dbb4 method=java.util.Formatter$FormatSpecifier.printString(Ljava/lang/Object;Ljava/util/Locale;)V @ 98
Event: 17.042 Thread 0x00000000031f5800 Uncommon trap: reason=speculate_class_check action=maybe_recompile pc=0x0000000003d16f88 method=java.util.HashMap.putVal(ILjava/lang/Object;Ljava/lang/Object;ZZ)Ljava/lang/Object; @ 152
Event: 17.043 Thread 0x00000000031f5800 Uncommon trap: reason=speculate_class_check action=maybe_recompile pc=0x0000000003d16f88 method=java.util.HashMap.putVal(ILjava/lang/Object;Ljava/lang/Object;ZZ)Ljava/lang/Object; @ 152
Event: 17.043 Thread 0x00000000031f5800 Uncommon trap: reason=speculate_class_check action=maybe_recompile pc=0x0000000003d12008 method=java.util.HashMap.putVal(ILjava/lang/Object;Ljava/lang/Object;ZZ)Ljava/lang/Object; @ 152

Internal exceptions (10 events):
Event: 17.031 Thread 0x00000000031f5800 NullPointerException at vtable entry 0x0000000003406910
Event: 17.031 Thread 0x00000000031f5800 Exception <a 'java/lang/NullPointerException'> (0x00000007846cbb38) thrown at [C:\re\workspace\8-2-build-windows-amd64-cygwin\jdk8u112\7884\hotspot\src\share\vm\runtime\sharedRuntime.cpp, line 605]
Event: 17.032 Thread 0x00000000031f5800 NullPointerException at vtable entry 0x0000000003406910
Event: 17.033 Thread 0x00000000031f5800 Exception <a 'java/lang/NullPointerException'> (0x000000078470d780) thrown at [C:\re\workspace\8-2-build-windows-amd64-cygwin\jdk8u112\7884\hotspot\src\share\vm\runtime\sharedRuntime.cpp, line 605]
Event: 17.034 Thread 0x00000000031f5800 NullPointerException at vtable entry 0x0000000003406910
Event: 17.034 Thread 0x00000000031f5800 Exception <a 'java/lang/NullPointerException'> (0x00000007847180f0) thrown at [C:\re\workspace\8-2-build-windows-amd64-cygwin\jdk8u112\7884\hotspot\src\share\vm\runtime\sharedRuntime.cpp, line 605]
Event: 17.044 Thread 0x00000000031f5800 Exception <a 'java/io/IOException'> (0x0000000785084788) thrown at [C:\re\workspace\8-2-build-windows-amd64-cygwin\jdk8u112\7884\hotspot\src\share\vm\prims\jni.cpp, line 709]
Event: 17.046 Thread 0x00000000031f5800 NullPointerException at vtable entry 0x0000000003406910
Event: 17.046 Thread 0x00000000031f5800 Exception <a 'java/lang/NullPointerException'> (0x0000000785099138) thrown at [C:\re\workspace\8-2-build-windows-amd64-cygwin\jdk8u112\7884\hotspot\src\share\vm\runtime\sharedRuntime.cpp, line 605]
Event: 17.046 Thread 0x00000000031f5800 Exception <a 'java/io/IOException'> (0x00000007850a0168) thrown at [C:\re\workspace\8-2-build-windows-amd64-cygwin\jdk8u112\7884\hotspot\src\share\vm\prims\jni.cpp, line 709]

Events (10 events):
Event: 17.050 loading class org/lwjgl/openal/ALCcontext
Event: 17.050 loading class org/lwjgl/openal/ALCcontext done
Event: 17.051 loading class org/lwjgl/openal/Util
Event: 17.051 loading class org/lwjgl/openal/Util done
Event: 17.052 loading class net/minecraftforge/client/model/ForgeBlockStateV1
Event: 17.052 loading class net/minecraftforge/client/model/ForgeBlockStateV1 done
Event: 17.052 loading class org/lwjgl/openal/OpenALException
Event: 17.052 loading class org/lwjgl/openal/OpenALException done
Event: 17.052 loading class net/minecraftforge/client/model/BlockStateLoader$Marker
Event: 17.052 loading class net/minecraftforge/client/model/BlockStateLoader$Marker done


Dynamic libraries:
0x00007ff7fcb40000 - 0x00007ff7fcb77000 	C:\Program Files\Java\jdk1.8.0_112\bin\javaw.exe
0x00007ffc10c40000 - 0x00007ffc10e11000 	C:\WINDOWS\SYSTEM32\ntdll.dll
0x00007ffc0e300000 - 0x00007ffc0e3ab000 	C:\WINDOWS\System32\KERNEL32.DLL
0x00007ffc0dea0000 - 0x00007ffc0e0bd000 	C:\WINDOWS\System32\KERNELBASE.dll
0x00007ffc0edb0000 - 0x00007ffc0ee52000 	C:\WINDOWS\System32\ADVAPI32.dll
0x00007ffc10ba0000 - 0x00007ffc10c3e000 	C:\WINDOWS\System32\msvcrt.dll
0x00007ffc0e1d0000 - 0x00007ffc0e229000 	C:\WINDOWS\System32\sechost.dll
0x00007ffc10a70000 - 0x00007ffc10b91000 	C:\WINDOWS\System32\RPCRT4.dll
0x00007ffc0ef00000 - 0x00007ffc0f065000 	C:\WINDOWS\System32\USER32.dll
0x00007ffc0dac0000 - 0x00007ffc0dade000 	C:\WINDOWS\System32\win32u.dll
0x00007ffc0ed70000 - 0x00007ffc0eda4000 	C:\WINDOWS\System32\GDI32.dll
0x00007ffc0d8c0000 - 0x00007ffc0da42000 	C:\WINDOWS\System32\gdi32full.dll
0x00007ffc05560000 - 0x00007ffc057d9000 	C:\WINDOWS\WinSxS\amd64_microsoft.windows.common-controls_6595b64144ccf1df_6.0.14393.447_none_42191651c6827bb3\COMCTL32.dll
0x00007ffc0f070000 - 0x00007ffc0f338000 	C:\WINDOWS\System32\combase.dll
0x00007ffc0dda0000 - 0x00007ffc0de95000 	C:\WINDOWS\System32\ucrtbase.dll
0x00007ffc0da50000 - 0x00007ffc0daba000 	C:\WINDOWS\System32\bcryptPrimitives.dll
0x00007ffc0eba0000 - 0x00007ffc0ebce000 	C:\WINDOWS\System32\IMM32.DLL
0x00007ffc07760000 - 0x00007ffc077fa000 	C:\WINDOWS\system32\tmumh\20019\AddOn\7.0.0.1099\TmUmEvt64.dll
0x00007ffc10970000 - 0x00007ffc10978000 	C:\WINDOWS\System32\PSAPI.DLL
0x00007ffc0f340000 - 0x00007ffc0f392000 	C:\WINDOWS\System32\SHLWAPI.dll
0x0000000055390000 - 0x00000000554a5000 	C:\WINDOWS\system32\tmumh\20019\TmMon\2.5.0.2029\tmmon64.dll
0x00007ffc096f0000 - 0x00007ffc096fa000 	C:\WINDOWS\SYSTEM32\VERSION.dll
0x0000000052450000 - 0x0000000052522000 	C:\Program Files\Java\jdk1.8.0_112\jre\bin\msvcr100.dll
0x0000000052530000 - 0x0000000052dca000 	C:\Program Files\Java\jdk1.8.0_112\jre\bin\server\jvm.dll
0x00007ffc04c70000 - 0x00007ffc04c79000 	C:\WINDOWS\SYSTEM32\WSOCK32.dll
0x00007ffc10980000 - 0x00007ffc109ea000 	C:\WINDOWS\System32\WS2_32.dll
0x00007ffc0b080000 - 0x00007ffc0b0a3000 	C:\WINDOWS\SYSTEM32\WINMM.dll
0x00007ffc0b050000 - 0x00007ffc0b07b000 	C:\WINDOWS\SYSTEM32\WINMMBASE.dll
0x00007ffc0dcb0000 - 0x00007ffc0dcf2000 	C:\WINDOWS\System32\cfgmgr32.dll
0x0000000054580000 - 0x000000005458f000 	C:\Program Files\Java\jdk1.8.0_112\jre\bin\verify.dll
0x0000000054280000 - 0x00000000542a9000 	C:\Program Files\Java\jdk1.8.0_112\jre\bin\java.dll
0x0000000054560000 - 0x0000000054576000 	C:\Program Files\Java\jdk1.8.0_112\jre\bin\zip.dll
0x00007ffc0f460000 - 0x00007ffc10969000 	C:\WINDOWS\System32\SHELL32.dll
0x00007ffc0d1e0000 - 0x00007ffc0d8ba000 	C:\WINDOWS\System32\windows.storage.dll
0x00007ffc0d0e0000 - 0x00007ffc0d12c000 	C:\WINDOWS\System32\powrprof.dll
0x00007ffc0d0c0000 - 0x00007ffc0d0cf000 	C:\WINDOWS\System32\kernel.appcore.dll
0x00007ffc0d130000 - 0x00007ffc0d1d9000 	C:\WINDOWS\System32\shcore.dll
0x00007ffc0d0a0000 - 0x00007ffc0d0b4000 	C:\WINDOWS\System32\profapi.dll
0x00000000541f0000 - 0x00000000541fd000 	C:\Program Files\Java\jdk1.8.0_112\jre\bin\management.dll
0x0000000054260000 - 0x000000005427a000 	C:\Program Files\Java\jdk1.8.0_112\jre\bin\net.dll
0x00007ffc0c7c0000 - 0x00007ffc0c81c000 	C:\WINDOWS\system32\mswsock.dll
0x0000000054240000 - 0x0000000054251000 	C:\Program Files\Java\jdk1.8.0_112\jre\bin\nio.dll
0x00007ffc0cb70000 - 0x00007ffc0cb87000 	C:\WINDOWS\SYSTEM32\CRYPTSP.dll
0x00007ffc0ca80000 - 0x00007ffc0cab3000 	C:\WINDOWS\system32\rsaenh.dll
0x00007ffc0cfe0000 - 0x00007ffc0d00b000 	C:\WINDOWS\SYSTEM32\bcrypt.dll
0x00007ffc0c9a0000 - 0x00007ffc0c9bf000 	C:\WINDOWS\SYSTEM32\USERENV.dll
0x00007ffc0cb90000 - 0x00007ffc0cb9b000 	C:\WINDOWS\SYSTEM32\CRYPTBASE.dll
0x00007ffc0c570000 - 0x00007ffc0c5a8000 	C:\WINDOWS\SYSTEM32\IPHLPAPI.DLL
0x00007ffc0e620000 - 0x00007ffc0e628000 	C:\WINDOWS\System32\NSI.dll
0x00007ffc09720000 - 0x00007ffc09736000 	C:\WINDOWS\SYSTEM32\dhcpcsvc6.DLL
0x00007ffc09780000 - 0x00007ffc0979a000 	C:\WINDOWS\SYSTEM32\dhcpcsvc.DLL
0x00007ffc087a0000 - 0x00007ffc087aa000 	C:\Users\David Brough\AppData\Local\Temp\jansi-64-6891884354985370460.dll
0x00007ffbf6a20000 - 0x00007ffbf6a36000 	C:\WINDOWS\system32\napinsp.dll
0x00007ffbf6a70000 - 0x00007ffbf6a8a000 	C:\WINDOWS\system32\pnrpnsp.dll
0x00007ffc07640000 - 0x00007ffc07658000 	C:\WINDOWS\system32\NLAapi.dll
0x00007ffc0c5b0000 - 0x00007ffc0c650000 	C:\WINDOWS\SYSTEM32\DNSAPI.dll
0x00007ffbf6a90000 - 0x00007ffbf6a9e000 	C:\WINDOWS\System32\winrnr.dll
0x00007ffbfb970000 - 0x00007ffbfb97a000 	C:\Windows\System32\rasadhlp.dll
0x00007ffbffd90000 - 0x00007ffbffdfa000 	C:\WINDOWS\System32\fwpuclnt.dll
0x0000000054210000 - 0x0000000054234000 	C:\Program Files\Java\jdk1.8.0_112\jre\bin\sunec.dll
0x0000000054200000 - 0x000000005420b000 	C:\Program Files\Java\jdk1.8.0_112\jre\bin\sunmscapi.dll
0x00007ffc0dae0000 - 0x00007ffc0dca9000 	C:\WINDOWS\System32\CRYPT32.dll
0x00007ffc0d0d0000 - 0x00007ffc0d0e0000 	C:\WINDOWS\System32\MSASN1.dll
0x0000000180000000 - 0x0000000180053000 	C:\Users\David Brough\.gradle\caches\minecraft\net\minecraft\natives\1.11\lwjgl64.dll
0x00007ffbe7d90000 - 0x00007ffbe7eb3000 	C:\WINDOWS\SYSTEM32\OPENGL32.dll
0x00007ffbefd60000 - 0x00007ffbefd8d000 	C:\WINDOWS\SYSTEM32\GLU32.dll
0x00007ffbe7af0000 - 0x00007ffbe7be7000 	C:\WINDOWS\SYSTEM32\DDRAW.dll
0x00007ffbfaa50000 - 0x00007ffbfaa58000 	C:\WINDOWS\SYSTEM32\DCIMAN32.dll
0x00000000522b0000 - 0x0000000052448000 	C:\Program Files\Java\jdk1.8.0_112\jre\bin\awt.dll
0x00007ffc0f3a0000 - 0x00007ffc0f45f000 	C:\WINDOWS\System32\OLEAUT32.dll
0x00007ffc0dd00000 - 0x00007ffc0dd9c000 	C:\WINDOWS\System32\msvcp_win.dll
0x00007ffc0b650000 - 0x00007ffc0b6ca000 	C:\WINDOWS\SYSTEM32\apphelp.dll
0x00007ffc0b830000 - 0x00007ffc0b8c5000 	C:\WINDOWS\system32\uxtheme.dll
0x00007ffc0e4b0000 - 0x00007ffc0e60b000 	C:\WINDOWS\System32\MSCTF.dll
0x00007ffc0ae60000 - 0x00007ffc0ae86000 	C:\WINDOWS\system32\dwmapi.dll
0x00007ffbcabe0000 - 0x00007ffbcb89e000 	C:\WINDOWS\SYSTEM32\ig9icd64.dll
0x00007ffc07800000 - 0x00007ffc0844a000 	C:\WINDOWS\SYSTEM32\igc64.dll
0x00007ffc0ac00000 - 0x00007ffc0ac13000 	C:\WINDOWS\SYSTEM32\WTSAPI32.dll
0x00007ffc057e0000 - 0x00007ffc05871000 	C:\WINDOWS\SYSTEM32\mscms.dll
0x00007ffbf5b70000 - 0x00007ffbf5bb2000 	C:\WINDOWS\SYSTEM32\icm32.dll
0x00000000249d0000 - 0x0000000024a08000 	C:\Users\David Brough\AppData\Local\Temp\jna\jna3859926195025396041.dll
0x0000000028ef0000 - 0x0000000028f54000 	C:\Users\David Brough\.gradle\caches\minecraft\net\minecraft\natives\1.11\OpenAL64.dll
0x00007ffc0e630000 - 0x00007ffc0e767000 	C:\WINDOWS\System32\ole32.dll
0x00007ffc0ee60000 - 0x00007ffc0eeff000 	C:\WINDOWS\System32\clbcatq.dll
0x00007ffc061d0000 - 0x00007ffc06241000 	C:\WINDOWS\System32\MMDevApi.dll
0x00007ffc0bc80000 - 0x00007ffc0bca8000 	C:\WINDOWS\System32\DEVOBJ.dll
0x00007ffc0aca0000 - 0x00007ffc0ae25000 	C:\WINDOWS\System32\PROPSYS.dll
0x00007ffbf4d10000 - 0x00007ffbf4dab000 	C:\WINDOWS\SYSTEM32\dsound.dll
0x00007ffbfe600000 - 0x00007ffbfe694000 	C:\WINDOWS\SYSTEM32\AUDIOSES.DLL
0x00007ffc0a7a0000 - 0x00007ffc0a8d6000 	C:\WINDOWS\SYSTEM32\wintypes.dll
0x00007ffc06770000 - 0x00007ffc06902000 	C:\WINDOWS\SYSTEM32\dbghelp.dll

VM Arguments:
jvm_args: -Dfile.encoding=Cp1252 
java_command: GradleStart --username=darkvoid_bluff@yahoo.com --password=n5QUW*TD&wO'W7c*k;u`;+Hv3yaZ+E4=
java_class_path (initial): D:\Development\MinecraftModDevelopment\DaftRacingBuggers\bin;D:\Development\MinecraftModDevelopment\Forge\bin;C:\Users\David Brough\.gradle\caches\minecraft\net\minecraftforge\forge\1.11-13.19.1.2189\snapshot\20161111\forgeSrc-1.11-13.19.1.2189.jar;C:\Users\David Brough\.gradle\caches\modules-2\files-2.1\com.google.code.findbugs\jsr305\3.0.1\f7be08ec23c21485b9b5a1cf1654c2ec8c58168d\jsr305-3.0.1.jar;C:\Users\David Brough\.gradle\caches\modules-2\files-2.1\com.mojang\netty\1.6\4b75825a06139752bd800d9e29c5fd55b8b1b1e4\netty-1.6.jar;C:\Users\David Brough\.gradle\caches\modules-2\files-2.1\oshi-project\oshi-core\1.1\9ddf7b048a8d701be231c0f4f95fd986198fd2d8\oshi-core-1.1.jar;C:\Users\David Brough\.gradle\caches\modules-2\files-2.1\net.java.dev.jna\jna\3.4.0\803ff252fedbd395baffd43b37341dc4a150a554\jna-3.4.0.jar;C:\Users\David Brough\.gradle\caches\modules-2\files-2.1\net.java.dev.jna\platform\3.4.0\e3f70017be8100d3d6923f50b3d2ee17714e9c13\platform-3.4.0.jar;C:\Users\David Brough\.gradle\caches\modules-2\files-2.1\com.ibm.icu\icu4j-core-mojang\51.2\63d216a9311cca6be337c1e458e587f99d382b84\icu4j-core-mojang-51.2.jar;C:\Users\David Brough\.gradle\caches\modules-2\files-2.1\net.sf.jopt-simple\jopt-simple\4.6\306816fb57cf94f108a43c95731b08934dcae15c\jopt-simple-4.6.jar;C:\Users\David Brough\.gradle\caches\modules-2\files-2.1\io.netty\netty-all\4.0.23.Final\294104aaf1781d6a56a07d561e792c5d0c95f45\netty-all-4.0.23.Final.jar;C:\Users\David Brough\.gradle\caches\modules-2\files-2.1\com.google.guava\guava\17.0\9c6ef172e8de35fd8d4d8783e4821e57cdef7445\guava-17.0.jar;C:\Users\David Brough\.gradle\caches\modules-2\files-2.1\org.apache.commons\commons-lang3\3.3.2\90a3822c38ec8c996e84c16a3477ef632cbc87a3\commons-lang3-3.3.2.jar;C:\Users\David Brough\.gradle\caches\modules-2\files-2.1\commons-io\commons-io\2.4\b1b6ea3b7e4aa4f492509a4952029cd8e48019ad\commons-io-2.4.jar;C:\Users\David Brough\.gradle\caches\modules-2\files-2.1\commons-codec\commons-codec\1.9\9c
Launcher Type: SUN_STANDARD

Environment Variables:
JAVA_HOME=C:\Program Files\Java\jdk1.8.0_112\
PATH=C:/Program Files/Java/jdk1.8.0_112//bin/../jre/bin/server;C:/Program Files/Java/jdk1.8.0_112//bin/../jre/bin;C:/Program Files/Java/jdk1.8.0_112//bin/../jre/lib/amd64;C:\Program Files (x86)\NVIDIA Corporation\PhysX\Common;C:\Program Files (x86)\Intel\iCLS Client\;C:\Program Files\Intel\iCLS Client\;C:\Windows\system32;C:\Windows;C:\Windows\System32\Wbem;C:\Windows\System32\WindowsPowerShell\v1.0\;C:\Program Files (x86)\Intel\Intel(R) Management Engine Components\DAL;C:\Program Files\Intel\Intel(R) Management Engine Components\DAL;C:\Program Files (x86)\Intel\Intel(R) Management Engine Components\IPT;C:\Program Files\Intel\Intel(R) Management Engine Components\IPT;C:\Program Files\Git\cmd;C:\WINDOWS\system32;C:\WINDOWS;C:\WINDOWS\System32\Wbem;C:\WINDOWS\System32\WindowsPowerShell\v1.0\;C:\Program Files\Java\jdk1.8.0_112\\bin;C:\WINDOWS\system32;
USERNAME=David Brough
OS=Windows_NT
PROCESSOR_IDENTIFIER=Intel64 Family 6 Model 94 Stepping 3, GenuineIntel



---------------  S Y S T E M  ---------------

OS: Windows 10.0 , 64 bit Build 14393 (10.0.14393.0)

CPU:total 8 (4 cores per cpu, 2 threads per core) family 6 model 94 stepping 3, cmov, cx8, fxsr, mmx, sse, sse2, sse3, ssse3, sse4.1, sse4.2, popcnt, avx, avx2, aes, clmul, erms, rtm, 3dnowpref, lzcnt, ht, tsc, tscinvbit, bmi1, bmi2, adx

Memory: 4k page, physical 16688928k(10577508k free), swap 19179296k(11710044k free)

vm_info: Java HotSpot(TM) 64-Bit Server VM (25.112-b15) for windows-amd64 JRE (1.8.0_112-b15), built on Sep 22 2016 21:31:56 by "java_re" with MS VC++ 10.0 (VS2010)

time: Mon Dec 26 16:11:38 2016
elapsed time: 17 seconds (0d 0h 0m 17s)

